c:\projects\others\cg\opengl\opengl\debug\vc142.pdb
c:\projects\others\cg\opengl\opengl\debug\vc142.idb
c:\projects\others\cg\opengl\opengl\debug\rgbimage.obj
c:\projects\others\cg\opengl\opengl\debug\garra.obj
c:\projects\others\cg\opengl\opengl\debug\opengl.ilk
c:\projects\others\cg\opengl\debug\opengl.exe
c:\projects\others\cg\opengl\debug\opengl.pdb
c:\projects\others\cg\opengl\opengl\debug\opengl.tlog\cl.command.1.tlog
c:\projects\others\cg\opengl\opengl\debug\opengl.tlog\cl.read.1.tlog
c:\projects\others\cg\opengl\opengl\debug\opengl.tlog\cl.write.1.tlog
c:\projects\others\cg\opengl\opengl\debug\opengl.tlog\link-cvtres.read.1.tlog
c:\projects\others\cg\opengl\opengl\debug\opengl.tlog\link-cvtres.write.1.tlog
c:\projects\others\cg\opengl\opengl\debug\opengl.tlog\link-rc.read.1.tlog
c:\projects\others\cg\opengl\opengl\debug\opengl.tlog\link-rc.write.1.tlog
c:\projects\others\cg\opengl\opengl\debug\opengl.tlog\link.19996-cvtres.read.1.tlog
c:\projects\others\cg\opengl\opengl\debug\opengl.tlog\link.19996-cvtres.write.1.tlog
c:\projects\others\cg\opengl\opengl\debug\opengl.tlog\link.19996-rc.read.1.tlog
c:\projects\others\cg\opengl\opengl\debug\opengl.tlog\link.19996-rc.write.1.tlog
c:\projects\others\cg\opengl\opengl\debug\opengl.tlog\link.19996.read.1.tlog
c:\projects\others\cg\opengl\opengl\debug\opengl.tlog\link.19996.write.1.tlog
c:\projects\others\cg\opengl\opengl\debug\opengl.tlog\link.command.1.tlog
c:\projects\others\cg\opengl\opengl\debug\opengl.tlog\link.read.1.tlog
c:\projects\others\cg\opengl\opengl\debug\opengl.tlog\link.write.1.tlog
